0 info it worked if it ends with ok
1 verbose cli [ '/data/data/com.termux/files/usr/bin/node',
1 verbose cli   '/data/data/com.termux/files/usr/bin/npm',
1 verbose cli   'install',
1 verbose cli   'vim',
1 verbose cli   '--save' ]
2 info using npm@3.10.10
3 info using node@v6.9.4
4 verbose config Skipping project config: /data/data/com.termux/files/home/.npmrc. (matches userconfig)
5 silly loadCurrentTree Starting
6 silly install loadCurrentTree
7 silly install readLocalPackageData
8 silly fetchPackageMetaData vim
9 silly fetchNamedPackageData vim
10 silly mapToRegistry name vim
11 silly mapToRegistry using default registry
12 silly mapToRegistry registry https://registry.npmjs.org/
13 silly mapToRegistry data Result {
13 silly mapToRegistry   raw: 'vim',
13 silly mapToRegistry   scope: null,
13 silly mapToRegistry   escapedName: 'vim',
13 silly mapToRegistry   name: 'vim',
13 silly mapToRegistry   rawSpec: '',
13 silly mapToRegistry   spec: 'latest',
13 silly mapToRegistry   type: 'tag' }
14 silly mapToRegistry uri https://registry.npmjs.org/vim
15 verbose request uri https://registry.npmjs.org/vim
16 verbose request no auth needed
17 info attempt registry request try #1 at 19:59:37 GMT+0800 (CST)
18 verbose request id dcce37b6536572d4
19 http request GET https://registry.npmjs.org/vim
20 http 200 https://registry.npmjs.org/vim
21 verbose headers { server: 'nginx/1.10.1',
21 verbose headers   'content-type': 'application/json',
21 verbose headers   'last-modified': 'Wed, 02 Dec 2015 16:29:16 GMT',
21 verbose headers   etag: 'W/"565f1c5c-a7b"',
21 verbose headers   'content-encoding': 'gzip',
21 verbose headers   'cache-control': 'max-age=300',
21 verbose headers   'content-length': '1015',
21 verbose headers   'accept-ranges': 'bytes',
21 verbose headers   date: 'Thu, 23 Feb 2017 11:59:43 GMT',
21 verbose headers   via: '1.1 varnish',
21 verbose headers   age: '0',
21 verbose headers   connection: 'keep-alive',
21 verbose headers   'x-served-by': 'cache-sjc3123-SJC',
21 verbose headers   'x-cache': 'MISS',
21 verbose headers   'x-cache-hits': '0',
21 verbose headers   'x-timer': 'S1487851183.672437,VS0,VE112',
21 verbose headers   vary: 'Accept-Encoding' }
22 silly get cb [ 200,
22 silly get   { server: 'nginx/1.10.1',
22 silly get     'content-type': 'application/json',
22 silly get     'last-modified': 'Wed, 02 Dec 2015 16:29:16 GMT',
22 silly get     etag: 'W/"565f1c5c-a7b"',
22 silly get     'content-encoding': 'gzip',
22 silly get     'cache-control': 'max-age=300',
22 silly get     'content-length': '1015',
22 silly get     'accept-ranges': 'bytes',
22 silly get     date: 'Thu, 23 Feb 2017 11:59:43 GMT',
22 silly get     via: '1.1 varnish',
22 silly get     age: '0',
22 silly get     connection: 'keep-alive',
22 silly get     'x-served-by': 'cache-sjc3123-SJC',
22 silly get     'x-cache': 'MISS',
22 silly get     'x-cache-hits': '0',
22 silly get     'x-timer': 'S1487851183.672437,VS0,VE112',
22 silly get     vary: 'Accept-Encoding' } ]
23 verbose get saving vim to /data/data/com.termux/files/home/.npm/registry.npmjs.org/vim/.cache.json
24 verbose correctMkdir /data/data/com.termux/files/home/.npm correctMkdir not in flight; initializing
25 silly install normalizeTree
26 silly loadCurrentTree Finishing
27 silly loadIdealTree Starting
28 silly install loadIdealTree
29 silly cloneCurrentTree Starting
30 silly install cloneCurrentTreeToIdealTree
31 silly cloneCurrentTree Finishing
32 silly loadShrinkwrap Starting
33 silly install loadShrinkwrap
34 silly loadShrinkwrap Finishing
35 silly loadAllDepsIntoIdealTree Starting
36 silly install loadAllDepsIntoIdealTree
37 silly resolveWithNewModule vim@0.1.0 checking installable status
38 silly cache add args [ 'vim', null ]
39 verbose cache add spec vim
40 silly cache add parsed spec Result {
40 silly cache add   raw: 'vim',
40 silly cache add   scope: null,
40 silly cache add   escapedName: 'vim',
40 silly cache add   name: 'vim',
40 silly cache add   rawSpec: '',
40 silly cache add   spec: 'latest',
40 silly cache add   type: 'tag' }
41 silly addNamed vim@latest
42 verbose addNamed "latest" is being treated as a dist-tag for vim
43 info addNameTag [ 'vim', 'latest' ]
44 silly mapToRegistry name vim
45 silly mapToRegistry using default registry
46 silly mapToRegistry registry https://registry.npmjs.org/
47 silly mapToRegistry data Result {
47 silly mapToRegistry   raw: 'vim',
47 silly mapToRegistry   scope: null,
47 silly mapToRegistry   escapedName: 'vim',
47 silly mapToRegistry   name: 'vim',
47 silly mapToRegistry   rawSpec: '',
47 silly mapToRegistry   spec: 'latest',
47 silly mapToRegistry   type: 'tag' }
48 silly mapToRegistry uri https://registry.npmjs.org/vim
49 verbose addNameTag registry:https://registry.npmjs.org/vim not in flight; fetching
50 verbose request uri https://registry.npmjs.org/vim
51 verbose request no auth needed
52 info attempt registry request try #1 at 19:59:45 GMT+0800 (CST)
53 http request GET https://registry.npmjs.org/vim
54 http 200 https://registry.npmjs.org/vim
55 verbose headers { server: 'nginx/1.10.1',
55 verbose headers   'content-type': 'application/json',
55 verbose headers   'last-modified': 'Wed, 02 Dec 2015 16:29:16 GMT',
55 verbose headers   etag: 'W/"565f1c5c-a7b"',
55 verbose headers   'content-encoding': 'gzip',
55 verbose headers   'cache-control': 'max-age=300',
55 verbose headers   'content-length': '1015',
55 verbose headers   'accept-ranges': 'bytes',
55 verbose headers   date: 'Thu, 23 Feb 2017 11:59:45 GMT',
55 verbose headers   via: '1.1 varnish',
55 verbose headers   age: '2',
55 verbose headers   connection: 'keep-alive',
55 verbose headers   'x-served-by': 'cache-sjc3123-SJC',
55 verbose headers   'x-cache': 'HIT',
55 verbose headers   'x-cache-hits': '1',
55 verbose headers   'x-timer': 'S1487851185.329132,VS0,VE0',
55 verbose headers   vary: 'Accept-Encoding' }
56 silly get cb [ 200,
56 silly get   { server: 'nginx/1.10.1',
56 silly get     'content-type': 'application/json',
56 silly get     'last-modified': 'Wed, 02 Dec 2015 16:29:16 GMT',
56 silly get     etag: 'W/"565f1c5c-a7b"',
56 silly get     'content-encoding': 'gzip',
56 silly get     'cache-control': 'max-age=300',
56 silly get     'content-length': '1015',
56 silly get     'accept-ranges': 'bytes',
56 silly get     date: 'Thu, 23 Feb 2017 11:59:45 GMT',
56 silly get     via: '1.1 varnish',
56 silly get     age: '2',
56 silly get     connection: 'keep-alive',
56 silly get     'x-served-by': 'cache-sjc3123-SJC',
56 silly get     'x-cache': 'HIT',
56 silly get     'x-cache-hits': '1',
56 silly get     'x-timer': 'S1487851185.329132,VS0,VE0',
56 silly get     vary: 'Accept-Encoding' } ]
57 verbose get saving vim to /data/data/com.termux/files/home/.npm/registry.npmjs.org/vim/.cache.json
58 verbose correctMkdir /data/data/com.termux/files/home/.npm correctMkdir not in flight; initializing
59 silly addNameTag next cb for vim with tag latest
60 silly addNamed vim@0.1.0
61 verbose addNamed "0.1.0" is a plain semver version for vim
62 silly mapToRegistry name vim
63 silly mapToRegistry using default registry
64 silly mapToRegistry registry https://registry.npmjs.org/
65 silly mapToRegistry data Result {
65 silly mapToRegistry   raw: 'vim',
65 silly mapToRegistry   scope: null,
65 silly mapToRegistry   escapedName: 'vim',
65 silly mapToRegistry   name: 'vim',
65 silly mapToRegistry   rawSpec: '',
65 silly mapToRegistry   spec: 'latest',
65 silly mapToRegistry   type: 'tag' }
66 silly mapToRegistry uri https://registry.npmjs.org/vim
67 verbose addRemoteTarball https://registry.npmjs.org/vim/-/vim-0.1.0.tgz not in flight; adding
68 verbose addRemoteTarball [ 'https://registry.npmjs.org/vim/-/vim-0.1.0.tgz',
68 verbose addRemoteTarball   'ddec872bc8a934cc5167c23f9dbce4839c1699a7' ]
69 info retry fetch attempt 1 at 19:59:45 GMT+0800 (CST)
70 info attempt registry request try #1 at 19:59:45 GMT+0800 (CST)
71 http fetch GET https://registry.npmjs.org/vim/-/vim-0.1.0.tgz
72 http fetch 200 https://registry.npmjs.org/vim/-/vim-0.1.0.tgz
73 silly fetchAndShaCheck shasum ddec872bc8a934cc5167c23f9dbce4839c1699a7
74 verbose addTmpTarball /data/data/com.termux/files/usr/tmp/npm-9452-8476f192/registry.npmjs.org/vim/-/vim-0.1.0.tgz not in flight; adding
75 verbose addTmpTarball already have metadata; skipping unpack for vim@0.1.0
76 verbose correctMkdir /data/data/com.termux/files/home/.npm correctMkdir not in flight; initializing
77 silly rollbackFailedOptional Starting
78 silly rollbackFailedOptional Finishing
79 silly runTopLevelLifecycles Finishing
80 silly install printInstalled
81 verbose stack Error: EACCES: permission denied, mkdir '/data/data/com.termux/files/home/.npm/vim/0.1.0/package'
81 verbose stack     at Error (native)
82 verbose cwd /data/data/com.termux/files/home
83 error Linux 3.18.20-perf+
84 error argv "/data/data/com.termux/files/usr/bin/node" "/data/data/com.termux/files/usr/bin/npm" "install" "vim" "--save"
85 error node v6.9.4
86 error npm  v3.10.10
87 error path /data/data/com.termux/files/home/.npm/vim/0.1.0/package
88 error code EACCES
89 error errno -13
90 error syscall mkdir
91 error Error: EACCES: permission denied, mkdir '/data/data/com.termux/files/home/.npm/vim/0.1.0/package'
91 error     at Error (native)
91 error  { Error: EACCES: permission denied, mkdir '/data/data/com.termux/files/home/.npm/vim/0.1.0/package'
91 error     at Error (native)
91 error   errno: -13,
91 error   code: 'EACCES',
91 error   syscall: 'mkdir',
91 error   path: '/data/data/com.termux/files/home/.npm/vim/0.1.0/package' }
92 error Please try running this command again as root/Administrator.
93 verbose exit [ -13, true ]
